[2015-03-06 11:19:16] myapp.INFO: Matched route "GET_" (parameters: "_controller": "SilexStarter\Controller\HomeController::index", "_route": "GET_") [] []
[2015-03-06 11:19:57] myapp.INFO: Matched route "GET_" (parameters: "_controller": "SilexStarter\Controller\HomeController::index", "_route": "GET_") [] []
[2015-03-06 11:20:36] myapp.INFO: > GET / [] []
[2015-03-06 11:20:36] myapp.CRITICAL: Doctrine\DBAL\Exception\ConnectionException: An exception occured in driver: SQLSTATE[HY000] [1049] Unknown database 'database1' (uncaught exception) at /Users/danielwolf/Projects/php/silex-starter/vendor/doctrine/dbal/lib/Doctrine/DBAL/Driver/AbstractMySQLDriver.php line 103 {"exception":"[object] (Doctrine\\DBAL\\Exception\\ConnectionException(code: 0): An exception occured in driver: SQLSTATE[HY000] [1049] Unknown database 'database1' at /Users/danielwolf/Projects/php/silex-starter/vendor/doctrine/dbal/lib/Doctrine/DBAL/Driver/AbstractMySQLDriver.php:103, Doctrine\\DBAL\\Driver\\PDOException(code: 1049): SQLSTATE[HY000] [1049] Unknown database 'database1' at /Users/danielwolf/Projects/php/silex-starter/vendor/doctrine/dbal/lib/Doctrine/DBAL/Driver/PDOConnection.php:47, PDOException(code: 1049): SQLSTATE[HY000] [1049] Unknown database 'database1' at /Users/danielwolf/Projects/php/silex-starter/vendor/doctrine/dbal/lib/Doctrine/DBAL/Driver/PDOConnection.php:43)"} []
[2015-03-06 11:20:38] myapp.INFO: Matched route "GET_" (parameters: "_controller": "SilexStarter\Controller\HomeController::index", "_route": "GET_") [] []
[2015-03-06 11:21:09] myapp.INFO: > GET / [] []
[2015-03-06 11:21:09] myapp.CRITICAL: Doctrine\DBAL\Exception\ConnectionException: An exception occured in driver: SQLSTATE[HY000] [1049] Unknown database 'database1' (uncaught exception) at /Users/danielwolf/Projects/php/silex-starter/vendor/doctrine/dbal/lib/Doctrine/DBAL/Driver/AbstractMySQLDriver.php line 103 {"exception":"[object] (Doctrine\\DBAL\\Exception\\ConnectionException(code: 0): An exception occured in driver: SQLSTATE[HY000] [1049] Unknown database 'database1' at /Users/danielwolf/Projects/php/silex-starter/vendor/doctrine/dbal/lib/Doctrine/DBAL/Driver/AbstractMySQLDriver.php:103, Doctrine\\DBAL\\Driver\\PDOException(code: 1049): SQLSTATE[HY000] [1049] Unknown database 'database1' at /Users/danielwolf/Projects/php/silex-starter/vendor/doctrine/dbal/lib/Doctrine/DBAL/Driver/PDOConnection.php:47, PDOException(code: 1049): SQLSTATE[HY000] [1049] Unknown database 'database1' at /Users/danielwolf/Projects/php/silex-starter/vendor/doctrine/dbal/lib/Doctrine/DBAL/Driver/PDOConnection.php:43)"} []
[2015-03-06 11:21:09] myapp.INFO: Matched route "GET_" (parameters: "_controller": "SilexStarter\Controller\HomeController::index", "_route": "GET_") [] []
[2015-03-06 11:21:10] myapp.INFO: > GET / [] []
[2015-03-06 11:21:10] myapp.CRITICAL: Doctrine\DBAL\Exception\ConnectionException: An exception occured in driver: SQLSTATE[HY000] [1049] Unknown database 'database1' (uncaught exception) at /Users/danielwolf/Projects/php/silex-starter/vendor/doctrine/dbal/lib/Doctrine/DBAL/Driver/AbstractMySQLDriver.php line 103 {"exception":"[object] (Doctrine\\DBAL\\Exception\\ConnectionException(code: 0): An exception occured in driver: SQLSTATE[HY000] [1049] Unknown database 'database1' at /Users/danielwolf/Projects/php/silex-starter/vendor/doctrine/dbal/lib/Doctrine/DBAL/Driver/AbstractMySQLDriver.php:103, Doctrine\\DBAL\\Driver\\PDOException(code: 1049): SQLSTATE[HY000] [1049] Unknown database 'database1' at /Users/danielwolf/Projects/php/silex-starter/vendor/doctrine/dbal/lib/Doctrine/DBAL/Driver/PDOConnection.php:47, PDOException(code: 1049): SQLSTATE[HY000] [1049] Unknown database 'database1' at /Users/danielwolf/Projects/php/silex-starter/vendor/doctrine/dbal/lib/Doctrine/DBAL/Driver/PDOConnection.php:43)"} []
[2015-03-06 11:21:10] myapp.INFO: < 500 [] []
[2015-03-06 11:34:28] myapp.INFO: Matched route "GET_" (parameters: "_controller": "SilexStarter\Controller\HomeController::index", "_route": "GET_") [] []
[2015-03-06 11:34:28] myapp.CRITICAL: SilexStarter\Exception\RequiresAuthenticationException:  (uncaught exception) at /Users/danielwolf/Projects/php/silex-starter/app/app.php line 25 {"exception":"[object] (SilexStarter\\Exception\\RequiresAuthenticationException(code: 0):  at /Users/danielwolf/Projects/php/silex-starter/app/app.php:25)"} []
[2015-03-06 11:34:28] myapp.INFO: < 500 [] []
[2015-03-06 11:34:40] myapp.INFO: Matched route "GET_" (parameters: "_controller": "SilexStarter\Controller\HomeController::index", "_route": "GET_") [] []
[2015-03-06 11:37:42] myapp.INFO: > GET / [] []
[2015-03-06 11:37:42] myapp.INFO: < 200 [] []
[2015-03-06 11:37:45] myapp.INFO: Matched route "GET_" (parameters: "_controller": "SilexStarter\Controller\HomeController::index", "_route": "GET_") [] []
[2015-03-06 11:37:45] myapp.CRITICAL: Doctrine\DBAL\Query\QueryException: The given alias 'tokens' is not part of any FROM or JOIN clause table. The currently registered aliases are: u. (uncaught exception) at /Users/danielwolf/Projects/php/silex-starter/vendor/doctrine/dbal/lib/Doctrine/DBAL/Query/QueryException.php line 37 {"exception":"[object] (Doctrine\\DBAL\\Query\\QueryException(code: 0): The given alias 'tokens' is not part of any FROM or JOIN clause table. The currently registered aliases are: u. at /Users/danielwolf/Projects/php/silex-starter/vendor/doctrine/dbal/lib/Doctrine/DBAL/Query/QueryException.php:37)"} []
[2015-03-06 11:37:45] myapp.INFO: < 500 [] []
[2015-03-06 11:38:25] myapp.INFO: Matched route "GET_" (parameters: "_controller": "SilexStarter\Controller\HomeController::index", "_route": "GET_") [] []
[2015-03-06 11:38:25] myapp.CRITICAL: Doctrine\DBAL\Query\QueryException: The given alias 'u.Token' is not part of any FROM or JOIN clause table. The currently registered aliases are: u. (uncaught exception) at /Users/danielwolf/Projects/php/silex-starter/vendor/doctrine/dbal/lib/Doctrine/DBAL/Query/QueryException.php line 37 {"exception":"[object] (Doctrine\\DBAL\\Query\\QueryException(code: 0): The given alias 'u.Token' is not part of any FROM or JOIN clause table. The currently registered aliases are: u. at /Users/danielwolf/Projects/php/silex-starter/vendor/doctrine/dbal/lib/Doctrine/DBAL/Query/QueryException.php:37)"} []
[2015-03-06 11:38:25] myapp.INFO: < 500 [] []
[2015-03-06 11:38:31] myapp.INFO: Matched route "GET_" (parameters: "_controller": "SilexStarter\Controller\HomeController::index", "_route": "GET_") [] []
[2015-03-06 11:38:31] myapp.CRITICAL: Doctrine\DBAL\Exception\SyntaxErrorException: An exception occurred while executing 'SELECT id, email, created FROM users u INNER JOIN t WITH ON t.user_id = u.user_id WHERE t.token = ?' with params ["asdf"]:  SQLSTATE[42000]: Syntax error or access violation: 1064 You have an error in your SQL syntax; check the manual that corresponds to your MySQL server version for the right syntax to use near 'ON t.user_id = u.user_id WHERE t.token = 'asdf'' at line 1 (uncaught exception) at /Users/danielwolf/Projects/php/silex-starter/vendor/doctrine/dbal/lib/Doctrine/DBAL/Driver/AbstractMySQLDriver.php line 90 {"exception":"[object] (Doctrine\\DBAL\\Exception\\SyntaxErrorException(code: 0): An exception occurred while executing 'SELECT id, email, created FROM users u INNER JOIN t WITH ON t.user_id = u.user_id WHERE t.token = ?' with params [\"asdf\"]:\n\nSQLSTATE[42000]: Syntax error or access violation: 1064 You have an error in your SQL syntax; check the manual that corresponds to your MySQL server version for the right syntax to use near 'ON t.user_id = u.user_id WHERE t.token = 'asdf'' at line 1 at /Users/danielwolf/Projects/php/silex-starter/vendor/doctrine/dbal/lib/Doctrine/DBAL/Driver/AbstractMySQLDriver.php:90, Doctrine\\DBAL\\Driver\\PDOException(code: 42000): SQLSTATE[42000]: Syntax error or access violation: 1064 You have an error in your SQL syntax; check the manual that corresponds to your MySQL server version for the right syntax to use near 'ON t.user_id = u.user_id WHERE t.token = 'asdf'' at line 1 at /Users/danielwolf/Projects/php/silex-starter/vendor/doctrine/dbal/lib/Doctrine/DBAL/Driver/PDOStatement.php:93, PDOException(code: 42000): SQLSTATE[42000]: Syntax error or access violation: 1064 You have an error in your SQL syntax; check the manual that corresponds to your MySQL server version for the right syntax to use near 'ON t.user_id = u.user_id WHERE t.token = 'asdf'' at line 1 at /Users/danielwolf/Projects/php/silex-starter/vendor/doctrine/dbal/lib/Doctrine/DBAL/Driver/PDOStatement.php:91)"} []
[2015-03-06 11:38:31] myapp.INFO: < 500 [] []
[2015-03-06 11:38:46] myapp.INFO: Matched route "GET_" (parameters: "_controller": "SilexStarter\Controller\HomeController::index", "_route": "GET_") [] []
[2015-03-06 11:38:46] myapp.CRITICAL: Doctrine\DBAL\Exception\SyntaxErrorException: An exception occurred while executing 'SELECT id, email, created FROM users u INNER JOIN tokens t WITH ON t.user_id = u.user_id WHERE t.token = ?' with params ["asdf"]:  SQLSTATE[42000]: Syntax error or access violation: 1064 You have an error in your SQL syntax; check the manual that corresponds to your MySQL server version for the right syntax to use near 'ON t.user_id = u.user_id WHERE t.token = 'asdf'' at line 1 (uncaught exception) at /Users/danielwolf/Projects/php/silex-starter/vendor/doctrine/dbal/lib/Doctrine/DBAL/Driver/AbstractMySQLDriver.php line 90 {"exception":"[object] (Doctrine\\DBAL\\Exception\\SyntaxErrorException(code: 0): An exception occurred while executing 'SELECT id, email, created FROM users u INNER JOIN tokens t WITH ON t.user_id = u.user_id WHERE t.token = ?' with params [\"asdf\"]:\n\nSQLSTATE[42000]: Syntax error or access violation: 1064 You have an error in your SQL syntax; check the manual that corresponds to your MySQL server version for the right syntax to use near 'ON t.user_id = u.user_id WHERE t.token = 'asdf'' at line 1 at /Users/danielwolf/Projects/php/silex-starter/vendor/doctrine/dbal/lib/Doctrine/DBAL/Driver/AbstractMySQLDriver.php:90, Doctrine\\DBAL\\Driver\\PDOException(code: 42000): SQLSTATE[42000]: Syntax error or access violation: 1064 You have an error in your SQL syntax; check the manual that corresponds to your MySQL server version for the right syntax to use near 'ON t.user_id = u.user_id WHERE t.token = 'asdf'' at line 1 at /Users/danielwolf/Projects/php/silex-starter/vendor/doctrine/dbal/lib/Doctrine/DBAL/Driver/PDOStatement.php:93, PDOException(code: 42000): SQLSTATE[42000]: Syntax error or access violation: 1064 You have an error in your SQL syntax; check the manual that corresponds to your MySQL server version for the right syntax to use near 'ON t.user_id = u.user_id WHERE t.token = 'asdf'' at line 1 at /Users/danielwolf/Projects/php/silex-starter/vendor/doctrine/dbal/lib/Doctrine/DBAL/Driver/PDOStatement.php:91)"} []
[2015-03-06 11:38:46] myapp.INFO: < 500 [] []
[2015-03-06 11:38:57] myapp.INFO: Matched route "GET_" (parameters: "_controller": "SilexStarter\Controller\HomeController::index", "_route": "GET_") [] []
[2015-03-06 11:38:57] myapp.CRITICAL: Doctrine\DBAL\Exception\NonUniqueFieldNameException: An exception occurred while executing 'SELECT id, email, created FROM users u INNER JOIN tokens t  ON t.user_id = u.user_id WHERE t.token = ?' with params ["asdf"]:  SQLSTATE[23000]: Integrity constraint violation: 1052 Column 'id' in field list is ambiguous (uncaught exception) at /Users/danielwolf/Projects/php/silex-starter/vendor/doctrine/dbal/lib/Doctrine/DBAL/Driver/AbstractMySQLDriver.php line 76 {"exception":"[object] (Doctrine\\DBAL\\Exception\\NonUniqueFieldNameException(code: 0): An exception occurred while executing 'SELECT id, email, created FROM users u INNER JOIN tokens t  ON t.user_id = u.user_id WHERE t.token = ?' with params [\"asdf\"]:\n\nSQLSTATE[23000]: Integrity constraint violation: 1052 Column 'id' in field list is ambiguous at /Users/danielwolf/Projects/php/silex-starter/vendor/doctrine/dbal/lib/Doctrine/DBAL/Driver/AbstractMySQLDriver.php:76, Doctrine\\DBAL\\Driver\\PDOException(code: 23000): SQLSTATE[23000]: Integrity constraint violation: 1052 Column 'id' in field list is ambiguous at /Users/danielwolf/Projects/php/silex-starter/vendor/doctrine/dbal/lib/Doctrine/DBAL/Driver/PDOStatement.php:93, PDOException(code: 23000): SQLSTATE[23000]: Integrity constraint violation: 1052 Column 'id' in field list is ambiguous at /Users/danielwolf/Projects/php/silex-starter/vendor/doctrine/dbal/lib/Doctrine/DBAL/Driver/PDOStatement.php:91)"} []
[2015-03-06 11:38:57] myapp.INFO: < 500 [] []
[2015-03-06 11:39:23] myapp.INFO: Matched route "GET_" (parameters: "_controller": "SilexStarter\Controller\HomeController::index", "_route": "GET_") [] []
[2015-03-06 11:39:23] myapp.CRITICAL: Doctrine\DBAL\Exception\InvalidFieldNameException: An exception occurred while executing 'SELECT u.id, u.email, t.token, u.created FROM users u INNER JOIN tokens t  ON t.user_id = u.user_id WHERE t.token = ?' with params ["asdf"]:  SQLSTATE[42S22]: Column not found: 1054 Unknown column 'u.user_id' in 'on clause' (uncaught exception) at /Users/danielwolf/Projects/php/silex-starter/vendor/doctrine/dbal/lib/Doctrine/DBAL/Driver/AbstractMySQLDriver.php line 71 {"exception":"[object] (Doctrine\\DBAL\\Exception\\InvalidFieldNameException(code: 0): An exception occurred while executing 'SELECT u.id, u.email, t.token, u.created FROM users u INNER JOIN tokens t  ON t.user_id = u.user_id WHERE t.token = ?' with params [\"asdf\"]:\n\nSQLSTATE[42S22]: Column not found: 1054 Unknown column 'u.user_id' in 'on clause' at /Users/danielwolf/Projects/php/silex-starter/vendor/doctrine/dbal/lib/Doctrine/DBAL/Driver/AbstractMySQLDriver.php:71, Doctrine\\DBAL\\Driver\\PDOException(code: 42S22): SQLSTATE[42S22]: Column not found: 1054 Unknown column 'u.user_id' in 'on clause' at /Users/danielwolf/Projects/php/silex-starter/vendor/doctrine/dbal/lib/Doctrine/DBAL/Driver/PDOStatement.php:93, PDOException(code: 42S22): SQLSTATE[42S22]: Column not found: 1054 Unknown column 'u.user_id' in 'on clause' at /Users/danielwolf/Projects/php/silex-starter/vendor/doctrine/dbal/lib/Doctrine/DBAL/Driver/PDOStatement.php:91)"} []
[2015-03-06 11:39:23] myapp.INFO: < 500 [] []
[2015-03-06 11:39:44] myapp.INFO: Matched route "GET_" (parameters: "_controller": "SilexStarter\Controller\HomeController::index", "_route": "GET_") [] []
[2015-03-06 11:41:27] myapp.INFO: > GET / [] []
[2015-03-06 11:41:27] myapp.INFO: < 200 [] []
[2015-03-06 11:41:44] myapp.INFO: Matched route "GET_" (parameters: "_controller": "SilexStarter\Controller\HomeController::index", "_route": "GET_") [] []
[2015-03-06 11:41:44] myapp.CRITICAL: SilexStarter\Exception\RequiresAuthenticationException:  (uncaught exception) at /Users/danielwolf/Projects/php/silex-starter/app/app.php line 28 {"exception":"[object] (SilexStarter\\Exception\\RequiresAuthenticationException(code: 0):  at /Users/danielwolf/Projects/php/silex-starter/app/app.php:28)"} []
[2015-03-06 11:41:44] myapp.INFO: < 500 [] []
[2015-03-06 11:44:38] myapp.INFO: Matched route "GET_" (parameters: "_controller": "SilexStarter\Controller\HomeController::index", "_route": "GET_") [] []
[2015-03-06 11:44:38] myapp.CRITICAL: SilexStarter\Exception\RequiresAuthenticationException:  (uncaught exception) at /Users/danielwolf/Projects/php/silex-starter/app/app.php line 28 {"exception":"[object] (SilexStarter\\Exception\\RequiresAuthenticationException(code: 0):  at /Users/danielwolf/Projects/php/silex-starter/app/app.php:28)"} []
[2015-03-06 11:44:38] myapp.INFO: < 500 [] []
[2015-03-06 11:46:53] myapp.INFO: Matched route "GET_" (parameters: "_controller": "SilexStarter\Controller\HomeController::index", "_route": "GET_") [] []
[2015-03-06 11:46:53] myapp.CRITICAL: SilexStarter\Exception\RequiresAuthenticationException: Invalid Auth Token (uncaught exception) at /Users/danielwolf/Projects/php/silex-starter/app/app.php line 31 {"exception":"[object] (SilexStarter\\Exception\\RequiresAuthenticationException(code: 0): Invalid Auth Token at /Users/danielwolf/Projects/php/silex-starter/app/app.php:31)"} []
[2015-03-06 11:46:53] myapp.INFO: < 500 [] []
[2015-03-06 11:49:15] myapp.INFO: Matched route "GET_" (parameters: "_controller": "SilexStarter\Controller\HomeController::index", "_route": "GET_") [] []
[2015-03-06 11:49:15] myapp.CRITICAL: SilexStarter\Exception\RequiresAuthenticationException: Invalid Auth Token (uncaught exception) at /Users/danielwolf/Projects/php/silex-starter/app/app.php line 34 {"exception":"[object] (SilexStarter\\Exception\\RequiresAuthenticationException(code: 0): Invalid Auth Token at /Users/danielwolf/Projects/php/silex-starter/app/app.php:34)"} []
[2015-03-06 11:49:15] myapp.INFO: < 500 [] []
[2015-03-06 11:49:32] myapp.INFO: Matched route "GET_" (parameters: "_controller": "SilexStarter\Controller\HomeController::index", "_route": "GET_") [] []
[2015-03-06 11:49:32] myapp.CRITICAL: SilexStarter\Exception\RequiresAuthenticationException: Invalid Auth Token (uncaught exception) at /Users/danielwolf/Projects/php/silex-starter/app/app.php line 34 {"exception":"[object] (SilexStarter\\Exception\\RequiresAuthenticationException(code: 0): Invalid Auth Token at /Users/danielwolf/Projects/php/silex-starter/app/app.php:34)"} []
[2015-03-06 11:49:32] myapp.INFO: < 500 [] []
[2015-03-06 11:49:34] myapp.INFO: Matched route "GET_" (parameters: "_controller": "SilexStarter\Controller\HomeController::index", "_route": "GET_") [] []
[2015-03-06 11:49:34] myapp.INFO: > GET / [] []
[2015-03-06 11:49:34] myapp.INFO: < 200 [] []
[2015-03-06 11:51:58] myapp.INFO: Matched route "GET_" (parameters: "_controller": "SilexStarter\Controller\HomeController::index", "_route": "GET_") [] []
[2015-03-06 11:53:49] myapp.INFO: Matched route "GET_" (parameters: "_controller": "SilexStarter\Controller\HomeController::index", "_route": "GET_") [] []
[2015-03-06 11:53:49] myapp.INFO: > GET / [] []
[2015-03-06 11:53:49] myapp.INFO: < 200 [] []
[2015-03-06 11:57:14] myapp.INFO: Matched route "GET_" (parameters: "_controller": "SilexStarter\Controller\HomeController::index", "_route": "GET_") [] []
[2015-03-06 11:57:14] myapp.INFO: > GET / [] []
[2015-03-06 11:57:14] myapp.INFO: < 200 [] []
[2015-03-06 11:57:27] myapp.INFO: Matched route "GET_" (parameters: "_controller": "SilexStarter\Controller\HomeController::index", "_route": "GET_") [] []
[2015-03-06 11:57:27] myapp.INFO: > GET / [] []
[2015-03-06 11:57:27] myapp.INFO: < 200 [] []
[2015-03-06 11:58:00] myapp.INFO: Matched route "GET_" (parameters: "_controller": "SilexStarter\Controller\HomeController::index", "_route": "GET_") [] []
[2015-03-06 11:58:00] myapp.INFO: > GET / [] []
[2015-03-06 11:58:00] myapp.INFO: < 200 [] []
[2015-03-06 11:58:03] myapp.INFO: Matched route "GET_" (parameters: "_controller": "SilexStarter\Controller\HomeController::index", "_route": "GET_") [] []
[2015-03-06 11:58:03] myapp.INFO: > GET / [] []
[2015-03-06 11:58:03] myapp.INFO: < 200 [] []
[2015-03-06 11:58:04] myapp.INFO: Matched route "GET_" (parameters: "_controller": "SilexStarter\Controller\HomeController::index", "_route": "GET_") [] []
[2015-03-06 11:58:04] myapp.INFO: > GET / [] []
[2015-03-06 11:58:04] myapp.INFO: < 200 [] []
[2015-03-06 11:58:05] myapp.INFO: Matched route "GET_" (parameters: "_controller": "SilexStarter\Controller\HomeController::index", "_route": "GET_") [] []
[2015-03-06 11:58:05] myapp.INFO: > GET / [] []
[2015-03-06 11:58:05] myapp.INFO: < 200 [] []
[2015-03-06 11:58:06] myapp.INFO: Matched route "GET_" (parameters: "_controller": "SilexStarter\Controller\HomeController::index", "_route": "GET_") [] []
[2015-03-06 11:58:06] myapp.INFO: > GET / [] []
[2015-03-06 11:58:06] myapp.INFO: < 200 [] []
[2015-03-07 23:33:08] myapp.INFO: Matched route "" (parameters: "_controller": "{}", "_route": "null", "url": "/user/") [] []
[2015-03-07 23:33:08] myapp.INFO: > GET /user [] []
[2015-03-07 23:33:08] myapp.INFO: < 301 /user/ [] []
[2015-03-07 23:33:09] myapp.INFO: Matched route "_userGET_" (parameters: "_controller": "[{},"get"]", "_route": "_userGET_") [] []
[2015-03-07 23:33:09] myapp.INFO: > GET /user/ [] []
[2015-03-07 23:33:09] myapp.INFO: < 200 [] []
[2015-03-07 23:33:19] myapp.INFO: Matched route "" (parameters: "_controller": "{}", "_route": "null", "url": "/user/") [] []
[2015-03-07 23:33:19] myapp.INFO: > GET /user [] []
[2015-03-07 23:33:19] myapp.INFO: < 301 /user/ [] []
[2015-03-07 23:33:19] myapp.INFO: Matched route "_userGET_" (parameters: "_controller": "[{},"get"]", "_route": "_userGET_") [] []
[2015-03-07 23:33:19] myapp.INFO: > GET /user/ [] []
[2015-03-07 23:33:19] myapp.INFO: < 200 [] []
[2015-03-07 23:37:26] myapp.INFO: Matched route "GET_user" (parameters: "_controller": "APICMS\Controller\UserController::get", "_route": "GET_user") [] []
[2015-03-07 23:37:26] myapp.INFO: > GET /user [] []
[2015-03-07 23:37:26] myapp.CRITICAL: InvalidArgumentException: Controller "APICMS\Controller\UserController::get" for URI "/user" is not callable. (uncaught exception) at /Users/danielwolf/Projects/PHP/api-cms/vendor/symfony/http-kernel/Symfony/Component/HttpKernel/Controller/ControllerResolver.php line 83 {"exception":"[object] (InvalidArgumentException(code: 0): Controller \"APICMS\\Controller\\UserController::get\" for URI \"/user\" is not callable. at /Users/danielwolf/Projects/PHP/api-cms/vendor/symfony/http-kernel/Symfony/Component/HttpKernel/Controller/ControllerResolver.php:83)"} []
[2015-03-07 23:37:26] myapp.INFO: < 500 [] []
[2015-03-07 23:37:56] myapp.INFO: Matched route "GET_user" (parameters: "_controller": "APICMS\Controller\UserController::get", "_route": "GET_user") [] []
[2015-03-07 23:37:56] myapp.INFO: > GET /user [] []
[2015-03-07 23:37:56] myapp.INFO: < 200 [] []
[2015-03-07 23:38:05] myapp.INFO: Matched route "GET_POST_PUT_DELETE_user_user_id" (parameters: "_controller": "APICMS\Controller\UserController::route", "user_id": "1", "_route": "GET_POST_PUT_DELETE_user_user_id") [] []
[2015-03-07 23:38:05] myapp.INFO: > GET /user/1 [] []
[2015-03-07 23:38:05] myapp.INFO: < 200 [] []
[2015-03-07 23:38:44] myapp.INFO: Matched route "GET_POST_PUT_DELETE_user_user_id" (parameters: "_controller": "APICMS\Controller\UserController::route", "user_id": "1", "_route": "GET_POST_PUT_DELETE_user_user_id") [] []
[2015-03-07 23:38:44] myapp.INFO: > GET /user/1 [] []
[2015-03-07 23:38:44] myapp.CRITICAL: LogicException: The controller must return a response (null given). Did you forget to add a return statement somewhere in your controller? (uncaught exception) at /Users/danielwolf/Projects/PHP/api-cms/vendor/symfony/http-kernel/Symfony/Component/HttpKernel/HttpKernel.php line 163 {"exception":"[object] (LogicException(code: 0): The controller must return a response (null given). Did you forget to add a return statement somewhere in your controller? at /Users/danielwolf/Projects/PHP/api-cms/vendor/symfony/http-kernel/Symfony/Component/HttpKernel/HttpKernel.php:163)"} []
[2015-03-07 23:38:44] myapp.INFO: < 500 [] []
[2015-03-07 23:39:31] myapp.INFO: Matched route "GET_POST_PUT_DELETE_user_user_id" (parameters: "_controller": "APICMS\Controller\UserController::route", "user_id": "1", "_route": "GET_POST_PUT_DELETE_user_user_id") [] []
[2015-03-07 23:39:31] myapp.INFO: > GET /user/1 [] []
[2015-03-07 23:39:31] myapp.INFO: < 200 [] []
[2015-03-07 23:40:26] myapp.INFO: Matched route "GET_POST_PUT_DELETE_user_user_id" (parameters: "_controller": "APICMS\Controller\UserController::route", "user_id": "1", "_route": "GET_POST_PUT_DELETE_user_user_id") [] []
[2015-03-07 23:40:26] myapp.INFO: > GET /user/1 [] []
[2015-03-07 23:40:26] myapp.INFO: < 200 [] []
[2015-03-07 23:40:28] myapp.ERROR: Symfony\Component\HttpKernel\Exception\NotFoundHttpException: No route found for "GET /user/1d" (uncaught exception) at /Users/danielwolf/Projects/PHP/api-cms/vendor/symfony/http-kernel/Symfony/Component/HttpKernel/EventListener/RouterListener.php line 145 {"exception":"[object] (Symfony\\Component\\HttpKernel\\Exception\\NotFoundHttpException(code: 0): No route found for \"GET /user/1d\" at /Users/danielwolf/Projects/PHP/api-cms/vendor/symfony/http-kernel/Symfony/Component/HttpKernel/EventListener/RouterListener.php:145, Symfony\\Component\\Routing\\Exception\\ResourceNotFoundException(code: 0): No routes found for \"/user/1d\". at /Users/danielwolf/Projects/PHP/api-cms/vendor/symfony/routing/Symfony/Component/Routing/Matcher/UrlMatcher.php:102)"} []
[2015-03-07 23:40:28] myapp.INFO: < 404 [] []
[2015-03-07 23:40:30] myapp.INFO: Matched route "GET_POST_PUT_DELETE_user_user_id" (parameters: "_controller": "APICMS\Controller\UserController::route", "user_id": "1", "_route": "GET_POST_PUT_DELETE_user_user_id") [] []
[2015-03-07 23:40:30] myapp.INFO: > GET /user/1 [] []
[2015-03-07 23:40:30] myapp.INFO: < 200 [] []
[2015-03-07 23:41:12] myapp.INFO: Matched route "GET_POST_PUT_DELETE_user_user_id" (parameters: "_controller": "APICMS\Controller\UserController::route", "user_id": "1", "_route": "GET_POST_PUT_DELETE_user_user_id") [] []
[2015-03-07 23:41:12] myapp.INFO: > GET /user/1 [] []
[2015-03-07 23:41:12] myapp.INFO: < 200 [] []
[2015-03-07 23:41:34] myapp.INFO: Matched route "GET_POST_PUT_DELETE_user_user_id" (parameters: "_controller": "APICMS\Controller\UserController::route", "user_id": "1", "_route": "GET_POST_PUT_DELETE_user_user_id") [] []
[2015-03-07 23:41:34] myapp.INFO: > GET /user/1 [] []
[2015-03-07 23:43:26] myapp.INFO: < 200 [] []
[2015-03-07 23:43:29] myapp.INFO: Matched route "GET_POST_PUT_DELETE_user_userId" (parameters: "_controller": "APICMS\Controller\UserController::route", "userId": "1", "_route": "GET_POST_PUT_DELETE_user_userId") [] []
[2015-03-07 23:43:29] myapp.INFO: > GET /user/1 [] []
[2015-03-07 23:43:35] myapp.INFO: Matched route "GET_POST_PUT_DELETE_user_userId" (parameters: "_controller": "APICMS\Controller\UserController::route", "userId": "1", "_route": "GET_POST_PUT_DELETE_user_userId") [] []
[2015-03-07 23:43:35] myapp.INFO: > GET /user/1 [] []
[2015-03-07 23:43:35] myapp.INFO: < 200 [] []
[2015-03-07 23:43:57] myapp.INFO: Matched route "GET_POST_PUT_DELETE_user_userId" (parameters: "_controller": "APICMS\Controller\UserController::route", "userId": "1", "_route": "GET_POST_PUT_DELETE_user_userId") [] []
[2015-03-07 23:43:57] myapp.INFO: > GET /user/1 [] []
[2015-03-07 23:45:49] myapp.INFO: Matched route "GET_POST_PUT_DELETE_user_userId" (parameters: "_controller": "APICMS\Controller\UserController::route", "userId": "1", "_route": "GET_POST_PUT_DELETE_user_userId") [] []
[2015-03-07 23:45:49] myapp.INFO: > GET /user/1 [] []
[2015-03-07 23:45:49] myapp.INFO: < 200 [] []
[2015-03-07 23:46:37] myapp.INFO: Matched route "GET_user" (parameters: "_controller": "APICMS\Controller\UserController::getList", "_route": "GET_user") [] []
[2015-03-07 23:46:37] myapp.INFO: > GET /user [] []
[2015-03-07 23:46:37] myapp.INFO: < 200 [] []
[2015-03-07 23:46:45] myapp.INFO: Matched route "GET_user" (parameters: "_controller": "APICMS\Controller\UserController::getList", "_route": "GET_user") [] []
[2015-03-07 23:46:45] myapp.INFO: > GET /user [] []
[2015-03-07 23:46:45] myapp.INFO: < 200 [] []
[2015-03-07 23:48:39] myapp.ERROR: Symfony\Component\HttpKernel\Exception\MethodNotAllowedHttpException: No route found for "PUT /user": Method Not Allowed (Allow: GET, POST) (uncaught exception) at /Users/danielwolf/Projects/PHP/api-cms/vendor/symfony/http-kernel/Symfony/Component/HttpKernel/EventListener/RouterListener.php line 149 {"exception":"[object] (Symfony\\Component\\HttpKernel\\Exception\\MethodNotAllowedHttpException(code: 0): No route found for \"PUT /user\": Method Not Allowed (Allow: GET, POST) at /Users/danielwolf/Projects/PHP/api-cms/vendor/symfony/http-kernel/Symfony/Component/HttpKernel/EventListener/RouterListener.php:149, Symfony\\Component\\Routing\\Exception\\MethodNotAllowedException(code: 0):  at /Users/danielwolf/Projects/PHP/api-cms/vendor/symfony/routing/Symfony/Component/Routing/Matcher/UrlMatcher.php:101)"} []
[2015-03-07 23:48:39] myapp.INFO: < 405 [] []
[2015-03-07 23:48:46] myapp.INFO: Matched route "GET_PUT_DELETE_user_userId" (parameters: "_controller": "APICMS\Controller\UserController::singleRoute", "userId": "1", "_route": "GET_PUT_DELETE_user_userId") [] []
[2015-03-07 23:48:46] myapp.INFO: > PUT /user/1 [] []
[2015-03-07 23:48:46] myapp.INFO: < 200 [] []
[2015-03-07 23:48:48] myapp.INFO: Matched route "GET_user" (parameters: "_controller": "APICMS\Controller\UserController::getList", "_route": "GET_user") [] []
[2015-03-07 23:48:48] myapp.INFO: > GET /user [] []
[2015-03-07 23:48:48] myapp.INFO: < 200 [] []
[2015-03-07 23:48:50] myapp.INFO: Matched route "GET_PUT_DELETE_user_userId" (parameters: "_controller": "APICMS\Controller\UserController::singleRoute", "userId": "1", "_route": "GET_PUT_DELETE_user_userId") [] []
[2015-03-07 23:48:50] myapp.INFO: > GET /user/1 [] []
[2015-03-07 23:48:50] myapp.INFO: < 200 [] []
[2015-03-07 23:48:52] myapp.INFO: Matched route "GET_PUT_DELETE_user_userId" (parameters: "_controller": "APICMS\Controller\UserController::singleRoute", "userId": "1", "_route": "GET_PUT_DELETE_user_userId") [] []
[2015-03-07 23:48:52] myapp.INFO: > DELETE /user/1 [] []
[2015-03-07 23:48:52] myapp.INFO: < 200 [] []
[2015-03-07 23:49:18] myapp.INFO: Matched route "GET_PUT_DELETE_user_userId" (parameters: "_controller": "APICMS\Controller\UserController::singleRoute", "userId": "1", "_route": "GET_PUT_DELETE_user_userId") [] []
[2015-03-07 23:49:18] myapp.INFO: > DELETE /user/1 [] []
[2015-03-07 23:49:18] myapp.INFO: < 200 [] []
[2015-03-07 23:49:20] myapp.INFO: Matched route "GET_PUT_DELETE_user_userId" (parameters: "_controller": "APICMS\Controller\UserController::singleRoute", "userId": "1", "_route": "GET_PUT_DELETE_user_userId") [] []
[2015-03-07 23:49:20] myapp.INFO: > PUT /user/1 [] []
[2015-03-07 23:49:20] myapp.INFO: < 200 [] []
[2015-03-07 23:49:22] myapp.INFO: Matched route "GET_PUT_DELETE_user_userId" (parameters: "_controller": "APICMS\Controller\UserController::singleRoute", "userId": "1", "_route": "GET_PUT_DELETE_user_userId") [] []
[2015-03-07 23:49:22] myapp.INFO: > PUT /user/1 [] []
[2015-03-07 23:49:22] myapp.INFO: < 200 [] []
[2015-03-07 23:49:25] myapp.ERROR: Symfony\Component\HttpKernel\Exception\MethodNotAllowedHttpException: No route found for "PUT /user": Method Not Allowed (Allow: GET, POST) (uncaught exception) at /Users/danielwolf/Projects/PHP/api-cms/vendor/symfony/http-kernel/Symfony/Component/HttpKernel/EventListener/RouterListener.php line 149 {"exception":"[object] (Symfony\\Component\\HttpKernel\\Exception\\MethodNotAllowedHttpException(code: 0): No route found for \"PUT /user\": Method Not Allowed (Allow: GET, POST) at /Users/danielwolf/Projects/PHP/api-cms/vendor/symfony/http-kernel/Symfony/Component/HttpKernel/EventListener/RouterListener.php:149, Symfony\\Component\\Routing\\Exception\\MethodNotAllowedException(code: 0):  at /Users/danielwolf/Projects/PHP/api-cms/vendor/symfony/routing/Symfony/Component/Routing/Matcher/UrlMatcher.php:101)"} []
[2015-03-07 23:49:25] myapp.INFO: < 405 [] []
[2015-03-07 23:49:29] myapp.INFO: Matched route "POST_user" (parameters: "_controller": "APICMS\Controller\UserController::post", "_route": "POST_user") [] []
[2015-03-07 23:49:29] myapp.INFO: > POST /user [] []
[2015-03-07 23:49:29] myapp.INFO: < 200 [] []
[2015-03-07 23:49:35] myapp.INFO: Matched route "POST_user" (parameters: "_controller": "APICMS\Controller\UserController::post", "_route": "POST_user") [] []
[2015-03-07 23:49:35] myapp.INFO: > POST /user [] []
[2015-03-07 23:49:35] myapp.INFO: < 200 [] []
[2015-03-07 23:52:00] myapp.INFO: Matched route "POST_users" (parameters: "_controller": "APICMS\Controller\UserController::post", "_route": "POST_users") [] []
[2015-03-07 23:52:00] myapp.INFO: > POST /users [] []
[2015-03-07 23:52:00] myapp.INFO: < 200 [] []
[2015-03-07 23:52:02] myapp.INFO: Matched route "GET_PUT_DELETE_users_userId" (parameters: "_controller": "APICMS\Controller\UserController::singleRoute", "userId": "1", "_route": "GET_PUT_DELETE_users_userId") [] []
[2015-03-07 23:52:02] myapp.INFO: > GET /users/1 [] []
[2015-03-07 23:52:02] myapp.INFO: < 200 [] []
[2015-03-07 23:54:22] myapp.INFO: Matched route "POST_forgot" (parameters: "_controller": "DWolf555\APICMS\Controller\AuthController::forgot", "_route": "POST_forgot") [] []
[2015-03-07 23:54:22] myapp.INFO: > POST /forgot [] []
[2015-03-07 23:54:22] myapp.CRITICAL: InvalidArgumentException: Class "DWolf555\APICMS\Controller\AuthController" does not exist. (uncaught exception) at /Users/danielwolf/Projects/PHP/api-cms/vendor/symfony/http-kernel/Symfony/Component/HttpKernel/Controller/ControllerResolver.php line 153 {"exception":"[object] (InvalidArgumentException(code: 0): Class \"DWolf555\\APICMS\\Controller\\AuthController\" does not exist. at /Users/danielwolf/Projects/PHP/api-cms/vendor/symfony/http-kernel/Symfony/Component/HttpKernel/Controller/ControllerResolver.php:153)"} []
[2015-03-07 23:54:22] myapp.INFO: < 500 [] []
[2015-03-07 23:54:34] myapp.INFO: Matched route "POST_forgot" (parameters: "_controller": "APICMS\Controller\AuthController::forgot", "_route": "POST_forgot") [] []
[2015-03-07 23:54:34] myapp.INFO: > POST /forgot [] []
[2015-03-07 23:54:34] myapp.CRITICAL: LogicException: The controller must return a response (null given). Did you forget to add a return statement somewhere in your controller? (uncaught exception) at /Users/danielwolf/Projects/PHP/api-cms/vendor/symfony/http-kernel/Symfony/Component/HttpKernel/HttpKernel.php line 163 {"exception":"[object] (LogicException(code: 0): The controller must return a response (null given). Did you forget to add a return statement somewhere in your controller? at /Users/danielwolf/Projects/PHP/api-cms/vendor/symfony/http-kernel/Symfony/Component/HttpKernel/HttpKernel.php:163)"} []
[2015-03-07 23:54:34] myapp.INFO: < 500 [] []
[2015-03-07 23:55:39] myapp.INFO: Matched route "POST_forgot" (parameters: "_controller": "APICMS\Controller\AuthController::forgot", "_route": "POST_forgot") [] []
[2015-03-07 23:55:39] myapp.INFO: > POST /forgot [] []
[2015-03-07 23:55:39] myapp.INFO: < 200 [] []
[2015-03-07 23:55:42] myapp.INFO: Matched route "POST_login" (parameters: "_controller": "APICMS\Controller\AuthController::login", "_route": "POST_login") [] []
[2015-03-07 23:55:42] myapp.INFO: > POST /login [] []
[2015-03-07 23:55:42] myapp.INFO: < 200 [] []
[2015-03-07 23:55:44] myapp.INFO: Matched route "POST_logout" (parameters: "_controller": "APICMS\Controller\AuthController::logout", "_route": "POST_logout") [] []
[2015-03-07 23:55:44] myapp.INFO: > POST /logout [] []
[2015-03-07 23:55:44] myapp.INFO: < 200 [] []
[2015-03-07 23:55:45] myapp.INFO: Matched route "POST_reset" (parameters: "_controller": "APICMS\Controller\AuthController::reset", "_route": "POST_reset") [] []
[2015-03-07 23:55:45] myapp.INFO: > POST /reset [] []
[2015-03-07 23:55:45] myapp.INFO: < 200 [] []
[2015-03-07 23:57:14] myapp.INFO: Matched route "POST_reset" (parameters: "_controller": "APICMS\Controller\AuthController::reset", "_route": "POST_reset") [] []
[2015-03-07 23:57:14] myapp.INFO: > POST /reset [] []
[2015-03-07 23:57:14] myapp.INFO: < 200 [] []
[2015-03-07 23:57:19] myapp.INFO: Matched route "POST_users" (parameters: "_controller": "APICMS\Controller\UserController::post", "_route": "POST_users") [] []
[2015-03-07 23:57:19] myapp.INFO: > POST /users [] []
[2015-03-07 23:57:49] myapp.INFO: < 200 [] []
[2015-03-07 23:58:06] myapp.INFO: Matched route "POST_users" (parameters: "_controller": "APICMS\Controller\UserController::post", "_route": "POST_users") [] []
[2015-03-07 23:58:06] myapp.INFO: > POST /users [] []
[2015-03-08 00:00:22] myapp.INFO: < 200 [] []
[2015-03-08 00:00:24] myapp.INFO: Matched route "POST_users" (parameters: "_controller": "APICMS\Controller\UserController::post", "_route": "POST_users") [] []
[2015-03-08 00:00:24] myapp.INFO: > POST /users [] []
[2015-03-08 00:00:27] myapp.CRITICAL: LogicException: The controller must return a response (Array(email => danielrwolf5@gmail.com, password => 123456) given). (uncaught exception) at /Users/danielwolf/Projects/PHP/api-cms/vendor/symfony/http-kernel/Symfony/Component/HttpKernel/HttpKernel.php line 163 {"exception":"[object] (LogicException(code: 0): The controller must return a response (Array(email => danielrwolf5@gmail.com, password => 123456) given). at /Users/danielwolf/Projects/PHP/api-cms/vendor/symfony/http-kernel/Symfony/Component/HttpKernel/HttpKernel.php:163)"} []
[2015-03-08 00:00:27] myapp.INFO: < 500 [] []
[2015-03-08 00:00:29] myapp.INFO: Matched route "POST_users" (parameters: "_controller": "APICMS\Controller\UserController::post", "_route": "POST_users") [] []
[2015-03-08 00:00:29] myapp.INFO: > POST /users [] []
[2015-03-08 00:00:29] myapp.CRITICAL: LogicException: The controller must return a response (Array(email => danielrwolf5@gmail.com, password => 123456) given). (uncaught exception) at /Users/danielwolf/Projects/PHP/api-cms/vendor/symfony/http-kernel/Symfony/Component/HttpKernel/HttpKernel.php line 163 {"exception":"[object] (LogicException(code: 0): The controller must return a response (Array(email => danielrwolf5@gmail.com, password => 123456) given). at /Users/danielwolf/Projects/PHP/api-cms/vendor/symfony/http-kernel/Symfony/Component/HttpKernel/HttpKernel.php:163)"} []
[2015-03-08 00:00:29] myapp.INFO: < 500 [] []
[2015-03-08 00:00:47] myapp.INFO: Matched route "POST_users" (parameters: "_controller": "APICMS\Controller\UserController::post", "_route": "POST_users") [] []
[2015-03-08 00:00:47] myapp.INFO: > POST /users [] []
[2015-03-08 00:00:47] myapp.INFO: < 200 [] []
[2015-03-08 00:00:52] myapp.INFO: Matched route "POST_users" (parameters: "_controller": "APICMS\Controller\UserController::post", "_route": "POST_users") [] []
[2015-03-08 00:00:52] myapp.INFO: > POST /users [] []
[2015-03-08 00:00:52] myapp.INFO: < 200 [] []
[2015-03-08 00:00:57] myapp.INFO: Matched route "POST_users" (parameters: "_controller": "APICMS\Controller\UserController::post", "_route": "POST_users") [] []
[2015-03-08 00:00:57] myapp.INFO: > POST /users [] []
[2015-03-08 00:02:41] myapp.INFO: Matched route "POST_users" (parameters: "_controller": "APICMS\Controller\UserController::post", "_route": "POST_users") [] []
[2015-03-08 00:02:41] myapp.INFO: > POST /users [] []
[2015-03-08 00:02:41] myapp.INFO: < 200 [] []
[2015-03-08 00:02:44] myapp.INFO: Matched route "POST_users" (parameters: "_controller": "APICMS\Controller\UserController::post", "_route": "POST_users") [] []
[2015-03-08 00:02:44] myapp.INFO: > POST /users [] []
[2015-03-08 00:02:44] myapp.INFO: < 200 [] []
[2015-03-08 00:02:46] myapp.INFO: Matched route "POST_users" (parameters: "_controller": "APICMS\Controller\UserController::post", "_route": "POST_users") [] []
[2015-03-08 00:02:46] myapp.INFO: > POST /users [] []
[2015-03-08 00:02:46] myapp.INFO: < 200 [] []
[2015-03-08 00:05:55] myapp.INFO: Matched route "POST_users" (parameters: "_controller": "APICMS\Controller\UserController::post", "_route": "POST_users") [] []
[2015-03-08 00:05:55] myapp.INFO: > POST /users [] []
[2015-03-08 00:07:17] myapp.INFO: < 200 [] []
[2015-03-08 00:15:09] myapp.INFO: Matched route "POST_users" (parameters: "_controller": "APICMS\Controller\UserController::post", "_route": "POST_users") [] []
[2015-03-08 00:15:09] myapp.INFO: > POST /users [] []
[2015-03-08 00:15:09] myapp.INFO: < 400 [] []
[2015-03-08 00:15:25] myapp.INFO: Matched route "POST_users" (parameters: "_controller": "APICMS\Controller\UserController::post", "_route": "POST_users") [] []
[2015-03-08 00:15:25] myapp.INFO: > POST /users [] []
[2015-03-08 00:15:25] myapp.INFO: < 400 [] []
[2015-03-08 00:17:13] myapp.INFO: Matched route "POST_users" (parameters: "_controller": "APICMS\Controller\UserController::post", "_route": "POST_users") [] []
[2015-03-08 00:17:13] myapp.INFO: > POST /users [] []
[2015-03-08 00:17:13] myapp.INFO: < 400 [] []
[2015-03-08 00:20:23] myapp.INFO: Matched route "POST_users" (parameters: "_controller": "APICMS\Controller\UserController::post", "_route": "POST_users") [] []
[2015-03-08 00:20:23] myapp.INFO: > POST /users [] []
[2015-03-08 00:20:23] myapp.INFO: < 400 [] []
[2015-03-08 00:20:29] myapp.INFO: Matched route "POST_users" (parameters: "_controller": "APICMS\Controller\UserController::post", "_route": "POST_users") [] []
[2015-03-08 00:20:29] myapp.INFO: > POST /users [] []
[2015-03-08 00:29:03] myapp.INFO: < 200 [] []
[2015-03-08 00:29:07] myapp.INFO: Matched route "POST_users" (parameters: "_controller": "APICMS\Controller\UserController::post", "_route": "POST_users") [] []
[2015-03-08 00:29:07] myapp.INFO: > POST /users [] []
[2015-03-08 00:29:28] myapp.INFO: Matched route "POST_users" (parameters: "_controller": "APICMS\Controller\UserController::post", "_route": "POST_users") [] []
[2015-03-08 00:29:28] myapp.INFO: > POST /users [] []
[2015-03-08 00:29:28] myapp.INFO: < 400 [] []
[2015-03-08 00:29:32] myapp.INFO: Matched route "POST_users" (parameters: "_controller": "APICMS\Controller\UserController::post", "_route": "POST_users") [] []
[2015-03-08 00:29:32] myapp.INFO: > POST /users [] []
[2015-03-08 00:29:32] myapp.INFO: < 400 [] []
[2015-03-08 00:30:12] myapp.INFO: Matched route "POST_users" (parameters: "_controller": "APICMS\Controller\UserController::post", "_route": "POST_users") [] []
[2015-03-08 00:30:12] myapp.INFO: > POST /users [] []
[2015-03-08 00:30:12] myapp.INFO: < 400 [] []
[2015-03-08 00:30:30] myapp.INFO: Matched route "POST_users" (parameters: "_controller": "APICMS\Controller\UserController::post", "_route": "POST_users") [] []
[2015-03-08 00:30:30] myapp.INFO: > POST /users [] []
[2015-03-08 00:30:30] myapp.INFO: < 400 [] []
[2015-03-08 00:31:11] myapp.INFO: Matched route "POST_users" (parameters: "_controller": "APICMS\Controller\UserController::post", "_route": "POST_users") [] []
[2015-03-08 00:31:11] myapp.INFO: > POST /users [] []
[2015-03-08 00:31:11] myapp.INFO: < 400 [] []
[2015-03-08 00:31:15] myapp.INFO: Matched route "POST_users" (parameters: "_controller": "APICMS\Controller\UserController::post", "_route": "POST_users") [] []
[2015-03-08 00:31:15] myapp.INFO: > POST /users [] []
[2015-03-08 00:31:15] myapp.INFO: < 400 [] []
[2015-03-08 00:31:36] myapp.INFO: Matched route "POST_users" (parameters: "_controller": "APICMS\Controller\UserController::post", "_route": "POST_users") [] []
[2015-03-08 00:31:36] myapp.INFO: > POST /users [] []
[2015-03-08 00:31:36] myapp.INFO: < 400 [] []
[2015-03-08 00:31:41] myapp.INFO: Matched route "POST_users" (parameters: "_controller": "APICMS\Controller\UserController::post", "_route": "POST_users") [] []
[2015-03-08 00:31:41] myapp.INFO: > POST /users [] []
[2015-03-08 00:31:45] myapp.CRITICAL: Doctrine\DBAL\Exception\UniqueConstraintViolationException: An exception occurred while executing 'INSERT INTO users (email, password) VALUES (?, ?)' with params ["danielrwolf5@gmail.com", "1234567  "]:  SQLSTATE[23000]: Integrity constraint violation: 1062 Duplicate entry 'danielrwolf5@gmail.com' for key 'email' (uncaught exception) at /Users/danielwolf/Projects/PHP/api-cms/vendor/doctrine/dbal/lib/Doctrine/DBAL/Driver/AbstractMySQLDriver.php line 66 {"exception":"[object] (Doctrine\\DBAL\\Exception\\UniqueConstraintViolationException(code: 0): An exception occurred while executing 'INSERT INTO users (email, password) VALUES (?, ?)' with params [\"danielrwolf5@gmail.com\", \"1234567  \"]:\n\nSQLSTATE[23000]: Integrity constraint violation: 1062 Duplicate entry 'danielrwolf5@gmail.com' for key 'email' at /Users/danielwolf/Projects/PHP/api-cms/vendor/doctrine/dbal/lib/Doctrine/DBAL/Driver/AbstractMySQLDriver.php:66, Doctrine\\DBAL\\Driver\\PDOException(code: 23000): SQLSTATE[23000]: Integrity constraint violation: 1062 Duplicate entry 'danielrwolf5@gmail.com' for key 'email' at /Users/danielwolf/Projects/PHP/api-cms/vendor/doctrine/dbal/lib/Doctrine/DBAL/Driver/PDOStatement.php:93, PDOException(code: 23000): SQLSTATE[23000]: Integrity constraint violation: 1062 Duplicate entry 'danielrwolf5@gmail.com' for key 'email' at /Users/danielwolf/Projects/PHP/api-cms/vendor/doctrine/dbal/lib/Doctrine/DBAL/Driver/PDOStatement.php:91)"} []
[2015-03-08 00:31:45] myapp.INFO: < 500 [] []
[2015-03-08 00:33:45] myapp.INFO: Matched route "POST_users" (parameters: "_controller": "APICMS\Controller\UserController::post", "_route": "POST_users") [] []
[2015-03-08 00:33:45] myapp.INFO: > POST /users [] []
[2015-03-08 00:33:45] myapp.INFO: < 400 [] []
[2015-03-08 00:34:20] myapp.INFO: Matched route "POST_users" (parameters: "_controller": "APICMS\Controller\UserController::post", "_route": "POST_users") [] []
[2015-03-08 00:34:20] myapp.INFO: > POST /users [] []
[2015-03-08 00:34:20] myapp.INFO: < 200 [] []
[2015-03-08 00:36:58] myapp.INFO: Matched route "POST_users" (parameters: "_controller": "APICMS\Controller\UserController::post", "_route": "POST_users") [] []
[2015-03-08 00:36:58] myapp.INFO: > POST /users [] []
[2015-03-08 00:36:58] myapp.INFO: < 400 [] []
[2015-03-08 00:39:15] myapp.INFO: Matched route "POST_users" (parameters: "_controller": "APICMS\Controller\UserController::post", "_route": "POST_users") [] []
[2015-03-08 00:39:15] myapp.INFO: > POST /users [] []
[2015-03-08 00:47:22] myapp.INFO: Matched route "POST_users" (parameters: "_controller": "APICMS\Controller\UserController::post", "_route": "POST_users") [] []
[2015-03-08 00:47:22] myapp.INFO: > POST /users [] []
[2015-03-08 00:48:46] myapp.INFO: Matched route "POST_users" (parameters: "_controller": "APICMS\Controller\UserController::post", "_route": "POST_users") [] []
[2015-03-08 00:48:46] myapp.INFO: > POST /users [] []
[2015-03-08 00:56:23] myapp.INFO: Matched route "POST_users" (parameters: "_controller": "APICMS\Controller\UserController::post", "_route": "POST_users") [] []
[2015-03-08 00:56:23] myapp.INFO: > POST /users [] []
[2015-03-08 00:56:23] myapp.CRITICAL: RuntimeException: No encoder has been configured for account "user". (uncaught exception) at /Users/danielwolf/Projects/PHP/api-cms/vendor/symfony/security/Symfony/Component/Security/Core/Encoder/EncoderFactory.php line 51 {"exception":"[object] (RuntimeException(code: 0): No encoder has been configured for account \"user\". at /Users/danielwolf/Projects/PHP/api-cms/vendor/symfony/security/Symfony/Component/Security/Core/Encoder/EncoderFactory.php:51)"} []
[2015-03-08 00:56:23] myapp.INFO: < 500 [] []
[2015-03-08 00:58:09] myapp.INFO: Matched route "POST_users" (parameters: "_controller": "APICMS\Controller\UserController::post", "_route": "POST_users") [] []
[2015-03-08 00:58:09] myapp.INFO: > POST /users [] []
[2015-03-08 00:58:09] myapp.CRITICAL: RuntimeException: No encoder has been configured for account "user". (uncaught exception) at /Users/danielwolf/Projects/PHP/api-cms/vendor/symfony/security/Symfony/Component/Security/Core/Encoder/EncoderFactory.php line 51 {"exception":"[object] (RuntimeException(code: 0): No encoder has been configured for account \"user\". at /Users/danielwolf/Projects/PHP/api-cms/vendor/symfony/security/Symfony/Component/Security/Core/Encoder/EncoderFactory.php:51)"} []
[2015-03-08 00:58:09] myapp.INFO: < 500 [] []
[2015-03-08 00:58:24] myapp.INFO: Matched route "POST_users" (parameters: "_controller": "APICMS\Controller\UserController::post", "_route": "POST_users") [] []
[2015-03-08 00:58:24] myapp.INFO: > POST /users [] []
[2015-03-08 00:58:39] myapp.INFO: Matched route "POST_users" (parameters: "_controller": "APICMS\Controller\UserController::post", "_route": "POST_users") [] []
[2015-03-08 00:58:39] myapp.INFO: > POST /users [] []
[2015-03-08 00:58:50] myapp.INFO: Matched route "POST_users" (parameters: "_controller": "APICMS\Controller\UserController::post", "_route": "POST_users") [] []
[2015-03-08 00:58:50] myapp.INFO: > POST /users [] []
[2015-03-08 00:58:50] myapp.INFO: < 200 [] []
[2015-03-08 01:00:09] myapp.INFO: Matched route "POST_users" (parameters: "_controller": "APICMS\Controller\UserController::post", "_route": "POST_users") [] []
[2015-03-08 01:00:09] myapp.INFO: > POST /users [] []
[2015-03-08 01:00:09] myapp.INFO: < 400 [] []
[2015-03-08 01:00:16] myapp.INFO: Matched route "POST_users" (parameters: "_controller": "APICMS\Controller\UserController::post", "_route": "POST_users") [] []
[2015-03-08 01:00:16] myapp.INFO: > POST /users [] []
[2015-03-08 01:00:16] myapp.INFO: < 200 [] []
[2015-03-08 01:01:34] myapp.INFO: Matched route "POST_users" (parameters: "_controller": "APICMS\Controller\UserController::post", "_route": "POST_users") [] []
[2015-03-08 01:01:34] myapp.INFO: > POST /users [] []
[2015-03-08 01:01:34] myapp.INFO: < 200 [] []
[2015-03-08 01:02:51] myapp.INFO: Matched route "POST_users" (parameters: "_controller": "APICMS\Controller\UserController::post", "_route": "POST_users") [] []
[2015-03-08 01:02:51] myapp.INFO: > POST /users [] []
[2015-03-08 01:02:51] myapp.INFO: < 400 [] []
[2015-03-08 01:02:59] myapp.INFO: Matched route "POST_users" (parameters: "_controller": "APICMS\Controller\UserController::post", "_route": "POST_users") [] []
[2015-03-08 01:02:59] myapp.INFO: > POST /users [] []
[2015-03-08 01:02:59] myapp.INFO: < 200 [] []
